\BOOKMARK [1][-]{section.1}{\376\377\000I\000n\000t\000r\000o\000d\000u\000c\000t\000i\000o\000n}{}% 1
\BOOKMARK [1][-]{section.2}{\376\377\000T\000h\000e\000\040\000P\000i\000g\000e\000o\000n\000\040\000P\000r\000o\000t\000o\000c\000o\000l}{}% 2
\BOOKMARK [2][-]{subsection.2.1}{\376\377\000D\000e\000f\000i\000n\000i\000t\000i\000o\000n\000s}{section.2}% 3
\BOOKMARK [2][-]{subsection.2.2}{\376\377\000I\000n\000v\000a\000r\000i\000a\000n\000t\000s}{section.2}% 4
\BOOKMARK [2][-]{subsection.2.3}{\376\377\000O\000p\000e\000r\000a\000t\000i\000o\000n\000s}{section.2}% 5
\BOOKMARK [2][-]{subsection.2.4}{\376\377\000S\000t\000a\000t\000i\000o\000n\000\040\000P\000a\000t\000t\000e\000r\000n}{section.2}% 6
\BOOKMARK [2][-]{subsection.2.5}{\376\377\000F\000i\000l\000e\000\040\000F\000o\000r\000m\000a\000t}{section.2}% 7
\BOOKMARK [1][-]{section.3}{\376\377\000P\000r\000o\000p\000e\000r\000t\000i\000e\000s}{}% 8
\BOOKMARK [2][-]{subsection.3.1}{\376\377\000D\000e\000b\000u\000g\000g\000a\000b\000i\000l\000i\000t\000y}{section.3}% 9
\BOOKMARK [2][-]{subsection.3.2}{\376\377\000F\000a\000u\000l\000t\000\040\000T\000o\000l\000e\000r\000a\000n\000c\000e}{section.3}% 10
\BOOKMARK [2][-]{subsection.3.3}{\376\377\000Z\000e\000r\000o\000\040\000C\000o\000o\000r\000d\000i\000n\000a\000t\000i\000o\000n\000\040\000C\000o\000d\000e}{section.3}% 11
\BOOKMARK [2][-]{subsection.3.4}{\376\377\000C\000o\000m\000p\000o\000s\000a\000b\000i\000l\000i\000t\000y}{section.3}% 12
\BOOKMARK [2][-]{subsection.3.5}{\376\377\000P\000a\000r\000a\000l\000l\000e\000l\000i\000s\000m}{section.3}% 13
\BOOKMARK [2][-]{subsection.3.6}{\376\377\000L\000a\000n\000g\000u\000a\000g\000e\000\040\000A\000g\000n\000o\000s\000t\000i\000c\000i\000s\000m}{section.3}% 14
\BOOKMARK [1][-]{section.4}{\376\377\000E\000v\000a\000l\000u\000a\000t\000i\000o\000n}{}% 15
\BOOKMARK [2][-]{subsection.4.1}{\376\377\000S\000y\000s\000t\000e\000m\000\040\000U\000n\000d\000e\000r\000\040\000T\000e\000s\000t}{section.4}% 16
\BOOKMARK [2][-]{subsection.4.2}{\376\377\000C\000o\000m\000p\000a\000r\000i\000s\000o\000n}{section.4}% 17
\BOOKMARK [2][-]{subsection.4.3}{\376\377\000O\000b\000s\000e\000r\000v\000a\000t\000i\000o\000n\000s}{section.4}% 18
\BOOKMARK [1][-]{section.5}{\376\377\000L\000i\000m\000i\000t\000a\000t\000i\000o\000n\000s}{}% 19
\BOOKMARK [1][-]{section.6}{\376\377\000R\000e\000l\000a\000t\000e\000d\000\040\000W\000o\000r\000k}{}% 20
\BOOKMARK [1][-]{section.7}{\376\377\000C\000o\000n\000c\000l\000u\000s\000i\000o\000n}{}% 21
